<?xml version="1.0" encoding="UTF-8"?>
<robot generator="Robot 6.1 (Python 3.11.4 on win32)" generated="20230802 20:17:49.860" rpa="false" schemaversion="4">
<suite id="s1" name="Automated Test" source="C:\automated\automated_test.robot">
<test id="s1-t1" name="Testcases_Automate" line="26">
<kw name="Open Web Browser" type="SETUP">
<kw name="Set Selenium Speed" library="SeleniumLibrary">
<arg>0.5s</arg>
<doc>Sets the delay that is waited after each Selenium command.</doc>
<status status="PASS" starttime="20230802 20:17:50.081" endtime="20230802 20:17:50.081"/>
</kw>
<kw name="Open Browser" library="SeleniumLibrary">
<arg>${url}</arg>
<arg>${browser}</arg>
<doc>Opens a new browser instance to the optional ``url``.</doc>
<msg timestamp="20230802 20:17:50.082" level="INFO">Opening browser 'chrome' to base url 'https://codenboxautomationlab.com/practice/'.</msg>
<status status="PASS" starttime="20230802 20:17:50.081" endtime="20230802 20:17:56.459"/>
</kw>
<kw name="Maximize Browser Window" library="SeleniumLibrary">
<doc>Maximizes current browser window.</doc>
<status status="PASS" starttime="20230802 20:17:56.459" endtime="20230802 20:17:57.098"/>
</kw>
<status status="PASS" starttime="20230802 20:17:50.081" endtime="20230802 20:17:57.098"/>
</kw>
<kw name="Wait Until Element Is Visible" library="SeleniumLibrary">
<arg>xpath=${locator_radio_button}</arg>
<arg>2s</arg>
<doc>Waits until the element ``locator`` is visible.</doc>
<status status="PASS" starttime="20230802 20:17:57.098" endtime="20230802 20:17:58.127"/>
</kw>
<kw name="Select Radio Button" library="SeleniumLibrary">
<arg>radioButton</arg>
<arg>radio2</arg>
<doc>Sets the radio button group ``group_name`` to ``value``.</doc>
<msg timestamp="20230802 20:17:58.128" level="INFO">Selecting 'radio2' from radio button 'radioButton'.</msg>
<status status="PASS" starttime="20230802 20:17:58.127" endtime="20230802 20:17:59.695"/>
</kw>
<kw name="Wait Until Element Is Visible" library="SeleniumLibrary">
<arg>id=${locator_autocomplete}</arg>
<arg>2s</arg>
<doc>Waits until the element ``locator`` is visible.</doc>
<status status="PASS" starttime="20230802 20:17:59.695" endtime="20230802 20:18:00.721"/>
</kw>
<kw name="Input Text" library="SeleniumLibrary">
<arg>id=${locator_autocomplete}</arg>
<arg>${autocomplete_value_txt}</arg>
<doc>Types the given ``text`` into the text field identified by ``locator``.</doc>
<msg timestamp="20230802 20:18:00.722" level="INFO">Typing text 'Thai' into text field 'id=autocomplete'.</msg>
<status status="PASS" starttime="20230802 20:18:00.721" endtime="20230802 20:18:02.307"/>
</kw>
<kw name="Click Element" library="SeleniumLibrary">
<arg>xpath=${select_thailand_txt}</arg>
<doc>Click the element identified by ``locator``.</doc>
<msg timestamp="20230802 20:18:02.308" level="INFO">Clicking element 'xpath=//*[text()='Thailand']'.</msg>
<status status="PASS" starttime="20230802 20:18:02.307" endtime="20230802 20:18:03.360"/>
</kw>
<kw name="Wait Until Element Is Visible" library="SeleniumLibrary">
<arg>xpath=${locator_static_dropdown_list}</arg>
<arg>2s</arg>
<doc>Waits until the element ``locator`` is visible.</doc>
<status status="PASS" starttime="20230802 20:18:03.360" endtime="20230802 20:18:04.378"/>
</kw>
<kw name="Select From List By Label" library="SeleniumLibrary">
<arg>id=${locator_select_stastic_dropdown_list}</arg>
<arg>API</arg>
<doc>Selects options from selection list ``locator`` by ``labels``.</doc>
<msg timestamp="20230802 20:18:04.379" level="INFO">Selecting options from selection list 'id=dropdown-class-example' by label API.</msg>
<status status="PASS" starttime="20230802 20:18:04.378" endtime="20230802 20:18:08.454"/>
</kw>
<kw name="Wait Until Element Is Visible" library="SeleniumLibrary">
<arg>xpath=${locator_checkbox_menu}</arg>
<arg>2s</arg>
<doc>Waits until the element ``locator`` is visible.</doc>
<status status="PASS" starttime="20230802 20:18:08.454" endtime="20230802 20:18:09.476"/>
</kw>
<kw name="Select Checkbox" library="SeleniumLibrary">
<arg>checkBoxOption1</arg>
<doc>Selects the checkbox identified by ``locator``.</doc>
<msg timestamp="20230802 20:18:09.478" level="INFO">Selecting checkbox 'checkBoxOption1'.</msg>
<status status="PASS" starttime="20230802 20:18:09.477" endtime="20230802 20:18:11.547"/>
</kw>
<kw name="Select Checkbox" library="SeleniumLibrary">
<arg>checkBoxOption3</arg>
<doc>Selects the checkbox identified by ``locator``.</doc>
<msg timestamp="20230802 20:18:11.550" level="INFO">Selecting checkbox 'checkBoxOption3'.</msg>
<status status="PASS" starttime="20230802 20:18:11.549" endtime="20230802 20:18:13.615"/>
</kw>
<kw name="Wait Until Element Is Visible" library="SeleniumLibrary">
<arg>xpath=${locator_mouse_hover}</arg>
<arg>2s</arg>
<doc>Waits until the element ``locator`` is visible.</doc>
<status status="PASS" starttime="20230802 20:18:13.615" endtime="20230802 20:18:14.636"/>
</kw>
<kw name="Scroll Element Into View" library="SeleniumLibrary">
<arg>xpath=${locator_scroll_mouse_hover}</arg>
<doc>Scrolls the element identified by ``locator`` into view.</doc>
<status status="PASS" starttime="20230802 20:18:14.637" endtime="20230802 20:18:15.925"/>
</kw>
<kw name="Mouse Over" library="SeleniumLibrary">
<arg>xpath=${locator_mouse_hover}</arg>
<doc>Simulates hovering the mouse over the element ``locator``.</doc>
<msg timestamp="20230802 20:18:15.926" level="INFO">Simulating Mouse Over on element 'xpath=//*[@id="mousehover"]'.</msg>
<status status="PASS" starttime="20230802 20:18:15.925" endtime="20230802 20:18:17.194"/>
</kw>
<kw name="Close Browser" library="SeleniumLibrary" type="TEARDOWN">
<doc>Closes the current browser.</doc>
<status status="PASS" starttime="20230802 20:18:17.194" endtime="20230802 20:18:19.760"/>
</kw>
<status status="PASS" starttime="20230802 20:17:50.080" endtime="20230802 20:18:19.760"/>
</test>
<status status="PASS" starttime="20230802 20:17:49.861" endtime="20230802 20:18:19.761"/>
</suite>
<statistics>
<total>
<stat pass="1" fail="0" skip="0">All Tests</stat>
</total>
<tag>
</tag>
<suite>
<stat pass="1" fail="0" skip="0" id="s1" name="Automated Test">Automated Test</stat>
</suite>
</statistics>
<errors>
</errors>
</robot>
