<?xml version="1.0" encoding="UTF-8"?>
<robot generator="Robot 6.1 (Python 3.11.4 on win32)" generated="20230803 10:01:31.087" rpa="false" schemaversion="4">
<suite id="s1" name="Automated Test 2" source="C:\automated\automated_test_2.robot">
<test id="s1-t1" name="TC003-vetify-fail-firstname" line="113">
<kw name="Open Web Browser">
<kw name="Set Selenium Speed" library="SeleniumLibrary">
<arg>0.5s</arg>
<doc>Sets the delay that is waited after each Selenium command.</doc>
<status status="PASS" starttime="20230803 10:01:31.305" endtime="20230803 10:01:31.305"/>
</kw>
<kw name="Open Browser" library="SeleniumLibrary">
<arg>${url}</arg>
<arg>${browser}</arg>
<doc>Opens a new browser instance to the optional ``url``.</doc>
<msg timestamp="20230803 10:01:31.306" level="INFO">Opening browser 'chrome' to base url 'https://automate-test.stpb-digital.com/register/'.</msg>
<status status="PASS" starttime="20230803 10:01:31.305" endtime="20230803 10:01:33.395"/>
</kw>
<kw name="Maximize Browser Window" library="SeleniumLibrary">
<doc>Maximizes current browser window.</doc>
<status status="PASS" starttime="20230803 10:01:33.395" endtime="20230803 10:01:34.006"/>
</kw>
<status status="PASS" starttime="20230803 10:01:31.304" endtime="20230803 10:01:34.006"/>
</kw>
<kw name="Input Data fail firstname">
<kw name="Input Text" library="SeleniumLibrary">
<arg>${locator_firstname}</arg>
<arg>${EMPTY}</arg>
<doc>Types the given ``text`` into the text field identified by ``locator``.</doc>
<msg timestamp="20230803 10:01:34.008" level="INFO">Typing text '' into text field 'id=firstname'.</msg>
<status status="PASS" starttime="20230803 10:01:34.007" endtime="20230803 10:01:35.569"/>
</kw>
<kw name="Input Text" library="SeleniumLibrary">
<arg>${locator_lastname}</arg>
<arg>เหลืองรุ่งทรัพย์</arg>
<doc>Types the given ``text`` into the text field identified by ``locator``.</doc>
<msg timestamp="20230803 10:01:35.569" level="INFO">Typing text 'เหลืองรุ่งทรัพย์' into text field 'id=lastname'.</msg>
<status status="PASS" starttime="20230803 10:01:35.569" endtime="20230803 10:01:37.212"/>
</kw>
<kw name="Input Text" library="SeleniumLibrary">
<arg>${locator_email}</arg>
<arg>sittipol@gmail.com</arg>
<doc>Types the given ``text`` into the text field identified by ``locator``.</doc>
<msg timestamp="20230803 10:01:37.212" level="INFO">Typing text 'sittipol@gmail.com' into text field 'id=email'.</msg>
<status status="PASS" starttime="20230803 10:01:37.212" endtime="20230803 10:01:38.824"/>
</kw>
<kw name="Input Text" library="SeleniumLibrary">
<arg>${locator_password}</arg>
<arg>123456789</arg>
<doc>Types the given ``text`` into the text field identified by ``locator``.</doc>
<msg timestamp="20230803 10:01:38.825" level="INFO">Typing text '123456789' into text field 'id=password'.</msg>
<status status="PASS" starttime="20230803 10:01:38.824" endtime="20230803 10:01:40.415"/>
</kw>
<kw name="Input Text" library="SeleniumLibrary">
<arg>${locator_phone_number}</arg>
<arg>0123456789</arg>
<doc>Types the given ``text`` into the text field identified by ``locator``.</doc>
<msg timestamp="20230803 10:01:40.415" level="INFO">Typing text '0123456789' into text field 'id=mobile-phone'.</msg>
<status status="PASS" starttime="20230803 10:01:40.415" endtime="20230803 10:01:41.997"/>
</kw>
<kw name="Select Radio Button" library="SeleniumLibrary">
<arg>${locator_gender}</arg>
<arg>female</arg>
<doc>Sets the radio button group ``group_name`` to ``value``.</doc>
<msg timestamp="20230803 10:01:41.997" level="INFO">Selecting 'female' from radio button 'validation-basic-radio'.</msg>
<status status="PASS" starttime="20230803 10:01:41.997" endtime="20230803 10:01:43.558"/>
</kw>
<kw name="Select Checkbox" library="SeleniumLibrary">
<arg>${locator_checkbox_sql}</arg>
<doc>Selects the checkbox identified by ``locator``.</doc>
<msg timestamp="20230803 10:01:43.558" level="INFO">Selecting checkbox 'name=courses.SQL'.</msg>
<status status="PASS" starttime="20230803 10:01:43.558" endtime="20230803 10:01:46.122"/>
</kw>
<kw name="Select Checkbox" library="SeleniumLibrary">
<arg>${locator_check_manual}</arg>
<doc>Selects the checkbox identified by ``locator``.</doc>
<msg timestamp="20230803 10:01:46.122" level="INFO">Selecting checkbox 'name=courses.Test Manual'.</msg>
<status status="PASS" starttime="20230803 10:01:46.122" endtime="20230803 10:01:48.701"/>
</kw>
<kw name="Select Checkbox" library="SeleniumLibrary">
<arg>${locator_check_auto}</arg>
<doc>Selects the checkbox identified by ``locator``.</doc>
<msg timestamp="20230803 10:01:48.701" level="INFO">Selecting checkbox 'name=courses.Automate Test'.</msg>
<status status="PASS" starttime="20230803 10:01:48.701" endtime="20230803 10:01:51.265"/>
</kw>
<kw name="Select Checkbox" library="SeleniumLibrary">
<arg>${locator_check_auto_2}</arg>
<doc>Selects the checkbox identified by ``locator``.</doc>
<msg timestamp="20230803 10:01:51.266" level="INFO">Selecting checkbox 'name=courses.Automate Test2'.</msg>
<status status="PASS" starttime="20230803 10:01:51.265" endtime="20230803 10:01:53.827"/>
</kw>
<kw name="Select List Nationality">
<kw name="Click Element" library="SeleniumLibrary">
<arg>${locator_nationality}</arg>
<doc>Click the element identified by ``locator``.</doc>
<msg timestamp="20230803 10:01:53.827" level="INFO">Clicking element 'id=nationality'.</msg>
<status status="PASS" starttime="20230803 10:01:53.827" endtime="20230803 10:01:55.022"/>
</kw>
<kw name="Wait Until Element Is Visible" library="SeleniumLibrary">
<arg>${locator_select_nation}</arg>
<arg>2s</arg>
<doc>Waits until the element ``locator`` is visible.</doc>
<status status="PASS" starttime="20230803 10:01:55.022" endtime="20230803 10:01:56.043"/>
</kw>
<kw name="Click Element" library="SeleniumLibrary">
<arg>${locator_select_nation}</arg>
<doc>Click the element identified by ``locator``.</doc>
<msg timestamp="20230803 10:01:56.043" level="INFO">Clicking element 'xpath=//*[@id="menu-"]/div[3]/ul/li[221]'.</msg>
<status status="PASS" starttime="20230803 10:01:56.043" endtime="20230803 10:01:57.210"/>
</kw>
<status status="PASS" starttime="20230803 10:01:53.827" endtime="20230803 10:01:57.210"/>
</kw>
<kw name="Select List role">
<kw name="Click Element" library="SeleniumLibrary">
<arg>${locator_role}</arg>
<doc>Click the element identified by ``locator``.</doc>
<msg timestamp="20230803 10:01:57.210" level="INFO">Clicking element 'id=select-role'.</msg>
<status status="PASS" starttime="20230803 10:01:57.210" endtime="20230803 10:01:58.252"/>
</kw>
<kw name="Wait Until Element Is Visible" library="SeleniumLibrary">
<arg>${locator_select_role}</arg>
<arg>2s</arg>
<doc>Waits until the element ``locator`` is visible.</doc>
<status status="PASS" starttime="20230803 10:01:58.252" endtime="20230803 10:01:59.274"/>
</kw>
<kw name="Click Element" library="SeleniumLibrary">
<arg>${locator_select_role}</arg>
<doc>Click the element identified by ``locator``.</doc>
<msg timestamp="20230803 10:01:59.274" level="INFO">Clicking element 'xpath=//*[@id="menu-"]/div[3]/ul/li[1]'.</msg>
<status status="PASS" starttime="20230803 10:01:59.274" endtime="20230803 10:02:00.314"/>
</kw>
<status status="PASS" starttime="20230803 10:01:57.210" endtime="20230803 10:02:00.314"/>
</kw>
<kw name="Select List plan">
<kw name="Click Element" library="SeleniumLibrary">
<arg>${locator_plan}</arg>
<doc>Click the element identified by ``locator``.</doc>
<msg timestamp="20230803 10:02:00.315" level="INFO">Clicking element 'id=select-plan'.</msg>
<status status="PASS" starttime="20230803 10:02:00.314" endtime="20230803 10:02:01.358"/>
</kw>
<kw name="Wait Until Element Is Visible" library="SeleniumLibrary">
<arg>${locator_select_plan}</arg>
<arg>2s</arg>
<doc>Waits until the element ``locator`` is visible.</doc>
<status status="PASS" starttime="20230803 10:02:01.358" endtime="20230803 10:02:02.375"/>
</kw>
<kw name="Click Element" library="SeleniumLibrary">
<arg>${locator_select_plan}</arg>
<doc>Click the element identified by ``locator``.</doc>
<msg timestamp="20230803 10:02:02.375" level="INFO">Clicking element 'xpath=//*[@id="menu-"]/div[3]/ul/li[2]'.</msg>
<status status="PASS" starttime="20230803 10:02:02.375" endtime="20230803 10:02:03.413"/>
</kw>
<status status="PASS" starttime="20230803 10:02:00.314" endtime="20230803 10:02:03.413"/>
</kw>
<kw name="Click Element" library="SeleniumLibrary">
<arg>${locator_btn_signup}</arg>
<doc>Click the element identified by ``locator``.</doc>
<msg timestamp="20230803 10:02:03.413" level="INFO">Clicking element 'id=btn-sign-up'.</msg>
<status status="PASS" starttime="20230803 10:02:03.413" endtime="20230803 10:02:04.474"/>
</kw>
<status status="PASS" starttime="20230803 10:01:34.006" endtime="20230803 10:02:04.474"/>
</kw>
<kw name="Verify error msg firstname">
<kw name="Get Text" library="SeleniumLibrary">
<var>${txt}</var>
<arg>${locator_error_firstname}</arg>
<doc>Returns the text value of the element identified by ``locator``.</doc>
<msg timestamp="20230803 10:02:05.500" level="INFO">${txt} = This field is required</msg>
<status status="PASS" starttime="20230803 10:02:04.474" endtime="20230803 10:02:05.500"/>
</kw>
<kw name="Should Be Equal As Strings" library="BuiltIn">
<arg>${txt}</arg>
<arg>This field is required</arg>
<doc>Fails if objects are unequal after converting them to strings.</doc>
<status status="PASS" starttime="20230803 10:02:05.500" endtime="20230803 10:02:05.500"/>
</kw>
<status status="PASS" starttime="20230803 10:02:04.474" endtime="20230803 10:02:05.500"/>
</kw>
<kw name="Close Browser" library="SeleniumLibrary">
<doc>Closes the current browser.</doc>
<status status="PASS" starttime="20230803 10:02:05.500" endtime="20230803 10:02:08.052"/>
</kw>
<status status="PASS" starttime="20230803 10:01:31.303" endtime="20230803 10:02:08.052"/>
</test>
<status status="PASS" starttime="20230803 10:01:31.088" endtime="20230803 10:02:08.054"/>
</suite>
<statistics>
<total>
<stat pass="1" fail="0" skip="0">All Tests</stat>
</total>
<tag>
</tag>
<suite>
<stat pass="1" fail="0" skip="0" id="s1" name="Automated Test 2">Automated Test 2</stat>
</suite>
</statistics>
<errors>
</errors>
</robot>
